<?xml version="1.0" encoding="UTF-8"?>
<!-- Generated by org.testng.reporters.JUnitReportReporter -->
<testsuite skipped="2" hostname="Juned" name="com.crm.testsc.LoginTest" tests="3" failures="0" timestamp="03 Dec 2018 07:56:03 GMT" time="23.218" errors="0">
  <testcase name="testSignin" time="23.218" classname="com.crm.testsc.LoginTest"/>
  <testcase name="testisdisplayed" classname="com.crm.testsc.LoginTest">
    <skipped/>
  </testcase> <!-- testisdisplayed -->
  <testcase name="tgettitle" classname="com.crm.testsc.LoginTest">
    <skipped/>
  </testcase> <!-- tgettitle -->
</testsuite> <!-- com.crm.testsc.LoginTest -->
